Analysis & Synthesis report for DE1_SoC
Mon May 16 11:41:33 2022
Quartus Prime Version 17.0.0 Build 595 04/25/2017 SJ Lite Edition


---------------------
; Table of Contents ;
---------------------
  1. Legal Notice
  2. Analysis & Synthesis Summary
  3. Analysis & Synthesis Settings
  4. Parallel Compilation
  5. Analysis & Synthesis Source Files Read
  6. Analysis & Synthesis Resource Usage Summary
  7. Analysis & Synthesis Resource Utilization by Entity
  8. General Register Statistics
  9. Post-Synthesis Netlist Statistics for Top Partition
 10. Elapsed Time Per Partition
 11. Analysis & Synthesis Messages
 12. Analysis & Synthesis Suppressed Messages



----------------
; Legal Notice ;
----------------
Copyright (C) 2017  Intel Corporation. All rights reserved.
Your use of Intel Corporation's design tools, logic functions 
and other software and tools, and its AMPP partner logic 
functions, and any output files from any of the foregoing 
(including device programming or simulation files), and any 
associated documentation or information are expressly subject 
to the terms and conditions of the Intel Program License 
Subscription Agreement, the Intel Quartus Prime License Agreement,
the Intel MegaCore Function License Agreement, or other 
applicable license agreement, including, without limitation, 
that your use is for the sole purpose of programming logic 
devices manufactured by Intel and sold by Intel or its 
authorized distributors.  Please refer to the applicable 
agreement for further details.



+-------------------------------------------------------------------------------+
; Analysis & Synthesis Summary                                                  ;
+---------------------------------+---------------------------------------------+
; Analysis & Synthesis Status     ; Successful - Mon May 16 11:41:33 2022       ;
; Quartus Prime Version           ; 17.0.0 Build 595 04/25/2017 SJ Lite Edition ;
; Revision Name                   ; DE1_SoC                                     ;
; Top-level Entity Name           ; clock_divider                               ;
; Family                          ; Cyclone V                                   ;
; Logic utilization (in ALMs)     ; N/A                                         ;
; Total registers                 ; 32                                          ;
; Total pins                      ; 33                                          ;
; Total virtual pins              ; 0                                           ;
; Total block memory bits         ; 0                                           ;
; Total DSP Blocks                ; 0                                           ;
; Total HSSI RX PCSs              ; 0                                           ;
; Total HSSI PMA RX Deserializers ; 0                                           ;
; Total HSSI TX PCSs              ; 0                                           ;
; Total HSSI PMA TX Serializers   ; 0                                           ;
; Total PLLs                      ; 0                                           ;
; Total DLLs                      ; 0                                           ;
+---------------------------------+---------------------------------------------+


+---------------------------------------------------------------------------------------------------------------------------+
; Analysis & Synthesis Settings                                                                                             ;
+---------------------------------------------------------------------------------+--------------------+--------------------+
; Option                                                                          ; Setting            ; Default Value      ;
+---------------------------------------------------------------------------------+--------------------+--------------------+
; Device                                                                          ; 5CSEMA5F31C6       ;                    ;
; Top-level entity name                                                           ; clock_divider      ; DE1_SoC            ;
; Family name                                                                     ; Cyclone V          ; Cyclone V          ;
; State Machine Processing                                                        ; User-Encoded       ; Auto               ;
; Use smart compilation                                                           ; Off                ; Off                ;
; Enable parallel Assembler and TimeQuest Timing Analyzer during compilation      ; On                 ; On                 ;
; Enable compact report table                                                     ; Off                ; Off                ;
; Restructure Multiplexers                                                        ; Auto               ; Auto               ;
; MLAB Add Timing Constraints For Mixed-Port Feed-Through Mode Setting Don't Care ; Off                ; Off                ;
; Create Debugging Nodes for IP Cores                                             ; Off                ; Off                ;
; Preserve fewer node names                                                       ; On                 ; On                 ;
; OpenCore Plus hardware evaluation                                               ; Enable             ; Enable             ;
; Verilog Version                                                                 ; Verilog_2001       ; Verilog_2001       ;
; VHDL Version                                                                    ; VHDL_1993          ; VHDL_1993          ;
; Safe State Machine                                                              ; Off                ; Off                ;
; Extract Verilog State Machines                                                  ; On                 ; On                 ;
; Extract VHDL State Machines                                                     ; On                 ; On                 ;
; Ignore Verilog initial constructs                                               ; Off                ; Off                ;
; Iteration limit for constant Verilog loops                                      ; 5000               ; 5000               ;
; Iteration limit for non-constant Verilog loops                                  ; 250                ; 250                ;
; Add Pass-Through Logic to Inferred RAMs                                         ; On                 ; On                 ;
; Infer RAMs from Raw Logic                                                       ; On                 ; On                 ;
; Parallel Synthesis                                                              ; On                 ; On                 ;
; DSP Block Balancing                                                             ; Auto               ; Auto               ;
; NOT Gate Push-Back                                                              ; On                 ; On                 ;
; Power-Up Don't Care                                                             ; On                 ; On                 ;
; Remove Redundant Logic Cells                                                    ; Off                ; Off                ;
; Remove Duplicate Registers                                                      ; On                 ; On                 ;
; Ignore CARRY Buffers                                                            ; Off                ; Off                ;
; Ignore CASCADE Buffers                                                          ; Off                ; Off                ;
; Ignore GLOBAL Buffers                                                           ; Off                ; Off                ;
; Ignore ROW GLOBAL Buffers                                                       ; Off                ; Off                ;
; Ignore LCELL Buffers                                                            ; Off                ; Off                ;
; Ignore SOFT Buffers                                                             ; On                 ; On                 ;
; Limit AHDL Integers to 32 Bits                                                  ; Off                ; Off                ;
; Optimization Technique                                                          ; Balanced           ; Balanced           ;
; Carry Chain Length                                                              ; 70                 ; 70                 ;
; Auto Carry Chains                                                               ; On                 ; On                 ;
; Auto Open-Drain Pins                                                            ; On                 ; On                 ;
; Perform WYSIWYG Primitive Resynthesis                                           ; Off                ; Off                ;
; Auto ROM Replacement                                                            ; On                 ; On                 ;
; Auto RAM Replacement                                                            ; On                 ; On                 ;
; Auto DSP Block Replacement                                                      ; On                 ; On                 ;
; Auto Shift Register Replacement                                                 ; Auto               ; Auto               ;
; Allow Shift Register Merging across Hierarchies                                 ; Auto               ; Auto               ;
; Auto Clock Enable Replacement                                                   ; On                 ; On                 ;
; Strict RAM Replacement                                                          ; Off                ; Off                ;
; Allow Synchronous Control Signals                                               ; On                 ; On                 ;
; Force Use of Synchronous Clear Signals                                          ; Off                ; Off                ;
; Auto Resource Sharing                                                           ; Off                ; Off                ;
; Allow Any RAM Size For Recognition                                              ; Off                ; Off                ;
; Allow Any ROM Size For Recognition                                              ; Off                ; Off                ;
; Allow Any Shift Register Size For Recognition                                   ; Off                ; Off                ;
; Use LogicLock Constraints during Resource Balancing                             ; On                 ; On                 ;
; Ignore translate_off and synthesis_off directives                               ; Off                ; Off                ;
; Timing-Driven Synthesis                                                         ; On                 ; On                 ;
; Report Parameter Settings                                                       ; On                 ; On                 ;
; Report Source Assignments                                                       ; On                 ; On                 ;
; Report Connectivity Checks                                                      ; On                 ; On                 ;
; Ignore Maximum Fan-Out Assignments                                              ; Off                ; Off                ;
; Synchronization Register Chain Length                                           ; 3                  ; 3                  ;
; PowerPlay Power Optimization During Synthesis                                   ; Normal compilation ; Normal compilation ;
; HDL message level                                                               ; Level2             ; Level2             ;
; Suppress Register Optimization Related Messages                                 ; Off                ; Off                ;
; Number of Removed Registers Reported in Synthesis Report                        ; 5000               ; 5000               ;
; Number of Swept Nodes Reported in Synthesis Report                              ; 5000               ; 5000               ;
; Number of Inverted Registers Reported in Synthesis Report                       ; 100                ; 100                ;
; Clock MUX Protection                                                            ; On                 ; On                 ;
; Auto Gated Clock Conversion                                                     ; Off                ; Off                ;
; Block Design Naming                                                             ; Auto               ; Auto               ;
; SDC constraint protection                                                       ; Off                ; Off                ;
; Synthesis Effort                                                                ; Auto               ; Auto               ;
; Shift Register Replacement - Allow Asynchronous Clear Signal                    ; On                 ; On                 ;
; Pre-Mapping Resynthesis Optimization                                            ; Off                ; Off                ;
; Analysis & Synthesis Message Level                                              ; Medium             ; Medium             ;
; Disable Register Merging Across Hierarchies                                     ; Auto               ; Auto               ;
; Resource Aware Inference For Block RAM                                          ; On                 ; On                 ;
; Automatic Parallel Synthesis                                                    ; On                 ; On                 ;
; Partial Reconfiguration Bitstream ID                                            ; Off                ; Off                ;
+---------------------------------------------------------------------------------+--------------------+--------------------+


+------------------------------------------+
; Parallel Compilation                     ;
+----------------------------+-------------+
; Processors                 ; Number      ;
+----------------------------+-------------+
; Number detected on machine ; 12          ;
; Maximum allowed            ; 12          ;
;                            ;             ;
; Average used               ; 1.00        ;
; Maximum used               ; 12          ;
;                            ;             ;
; Usage by Processor         ; % Time Used ;
;     Processor 1            ; 100.0%      ;
;     Processors 2-12        ;   0.0%      ;
+----------------------------+-------------+


+----------------------------------------------------------------------------------------------------------------------------------------------------------+
; Analysis & Synthesis Source Files Read                                                                                                                   ;
+----------------------------------+-----------------+------------------------------+------------------------------------------------------------+---------+
; File Name with User-Entered Path ; Used in Netlist ; File Type                    ; File Name with Absolute Path                               ; Library ;
+----------------------------------+-----------------+------------------------------+------------------------------------------------------------+---------+
; clock_divider.sv                 ; yes             ; User SystemVerilog HDL File  ; C:/Users/there/OneDrive - UW/CSE 369/lab7/clock_divider.sv ;         ;
+----------------------------------+-----------------+------------------------------+------------------------------------------------------------+---------+


+-----------------------------------------------------------+
; Analysis & Synthesis Resource Usage Summary               ;
+---------------------------------------------+-------------+
; Resource                                    ; Usage       ;
+---------------------------------------------+-------------+
; Estimate of Logic utilization (ALMs needed) ; 16          ;
;                                             ;             ;
; Combinational ALUT usage for logic          ; 32          ;
;     -- 7 input functions                    ; 0           ;
;     -- 6 input functions                    ; 0           ;
;     -- 5 input functions                    ; 0           ;
;     -- 4 input functions                    ; 0           ;
;     -- <=3 input functions                  ; 32          ;
;                                             ;             ;
; Dedicated logic registers                   ; 32          ;
;                                             ;             ;
; I/O pins                                    ; 33          ;
;                                             ;             ;
; Total DSP Blocks                            ; 0           ;
;                                             ;             ;
; Maximum fan-out node                        ; clock~input ;
; Maximum fan-out                             ; 32          ;
; Total fan-out                               ; 192         ;
; Average fan-out                             ; 1.48        ;
+---------------------------------------------+-------------+


+------------------------------------------------------------------------------------------------------------------------------------------------------------------------------------------+
; Analysis & Synthesis Resource Utilization by Entity                                                                                                                                      ;
+----------------------------+---------------------+---------------------------+-------------------+------------+------+--------------+---------------------+---------------+--------------+
; Compilation Hierarchy Node ; Combinational ALUTs ; Dedicated Logic Registers ; Block Memory Bits ; DSP Blocks ; Pins ; Virtual Pins ; Full Hierarchy Name ; Entity Name   ; Library Name ;
+----------------------------+---------------------+---------------------------+-------------------+------------+------+--------------+---------------------+---------------+--------------+
; |clock_divider             ; 32 (32)             ; 32 (32)                   ; 0                 ; 0          ; 33   ; 0            ; |clock_divider      ; clock_divider ; work         ;
+----------------------------+---------------------+---------------------------+-------------------+------------+------+--------------+---------------------+---------------+--------------+
Note: For table entries with two numbers listed, the numbers in parentheses indicate the number of resources of the given type used by the specific entity alone. The numbers listed outside of parentheses indicate the total resources of the given type used by the specific entity and all of its sub-entities in the hierarchy.


+------------------------------------------------------+
; General Register Statistics                          ;
+----------------------------------------------+-------+
; Statistic                                    ; Value ;
+----------------------------------------------+-------+
; Total registers                              ; 32    ;
; Number of registers using Synchronous Clear  ; 0     ;
; Number of registers using Synchronous Load   ; 0     ;
; Number of registers using Asynchronous Clear ; 0     ;
; Number of registers using Asynchronous Load  ; 0     ;
; Number of registers using Clock Enable       ; 0     ;
; Number of registers using Preset             ; 0     ;
+----------------------------------------------+-------+


+-----------------------------------------------------+
; Post-Synthesis Netlist Statistics for Top Partition ;
+-----------------------+-----------------------------+
; Type                  ; Count                       ;
+-----------------------+-----------------------------+
; arriav_ff             ; 32                          ;
;     plain             ; 32                          ;
; arriav_lcell_comb     ; 32                          ;
;     arith             ; 31                          ;
;         1 data inputs ; 30                          ;
;         2 data inputs ; 1                           ;
;     normal            ; 1                           ;
;         1 data inputs ; 1                           ;
; boundary_port         ; 33                          ;
;                       ;                             ;
; Max LUT depth         ; 4.00                        ;
; Average LUT depth     ; 2.95                        ;
+-----------------------+-----------------------------+


+-------------------------------+
; Elapsed Time Per Partition    ;
+----------------+--------------+
; Partition Name ; Elapsed Time ;
+----------------+--------------+
; Top            ; 00:00:00     ;
+----------------+--------------+


+-------------------------------+
; Analysis & Synthesis Messages ;
+-------------------------------+
Info: *******************************************************************
Info: Running Quartus Prime Analysis & Synthesis
    Info: Version 17.0.0 Build 595 04/25/2017 SJ Lite Edition
    Info: Processing started: Mon May 16 11:41:23 2022
Info: Command: quartus_map --read_settings_files=on --write_settings_files=off DE1_SoC -c DE1_SoC
Info (20030): Parallel compilation is enabled and will use 12 of the 12 processors detected
Info (12021): Found 2 design units, including 2 entities, in source file mux2_1.sv
    Info (12023): Found entity 1: mux2_1 File: C:/Users/there/OneDrive - UW/CSE 369/lab7/mux2_1.sv Line: 1
    Info (12023): Found entity 2: mux2_1_testbench File: C:/Users/there/OneDrive - UW/CSE 369/lab7/mux2_1.sv Line: 8
Info (12021): Found 2 design units, including 2 entities, in source file mux4_1.sv
    Info (12023): Found entity 1: mux4_1 File: C:/Users/there/OneDrive - UW/CSE 369/lab7/mux4_1.sv Line: 1
    Info (12023): Found entity 2: mux4_1_testbench File: C:/Users/there/OneDrive - UW/CSE 369/lab7/mux4_1.sv Line: 12
Info (12021): Found 1 design units, including 1 entities, in source file lab1.sv
    Info (12023): Found entity 1: lab1 File: C:/Users/there/OneDrive - UW/CSE 369/lab7/lab1.sv Line: 4
Info (12021): Found 2 design units, including 2 entities, in source file lab2.sv
    Info (12023): Found entity 1: lab2 File: C:/Users/there/OneDrive - UW/CSE 369/lab7/lab2.sv Line: 4
    Info (12023): Found entity 2: lab2_testbench File: C:/Users/there/OneDrive - UW/CSE 369/lab7/lab2.sv Line: 27
Info (12021): Found 2 design units, including 2 entities, in source file nordstrom.sv
    Info (12023): Found entity 1: nordstrom File: C:/Users/there/OneDrive - UW/CSE 369/lab7/nordstrom.sv Line: 1
    Info (12023): Found entity 2: nordstrom_testbench File: C:/Users/there/OneDrive - UW/CSE 369/lab7/nordstrom.sv Line: 13
Info (12021): Found 2 design units, including 2 entities, in source file lab3.sv
    Info (12023): Found entity 1: lab3 File: C:/Users/there/OneDrive - UW/CSE 369/lab7/lab3.sv Line: 1
    Info (12023): Found entity 2: lab3_testbench File: C:/Users/there/OneDrive - UW/CSE 369/lab7/lab3.sv Line: 11
Info (12021): Found 2 design units, including 2 entities, in source file seg7.sv
    Info (12023): Found entity 1: seg7 File: C:/Users/there/OneDrive - UW/CSE 369/lab7/seg7.sv Line: 1
    Info (12023): Found entity 2: seg7_testbench File: C:/Users/there/OneDrive - UW/CSE 369/lab7/seg7.sv Line: 24
Info (12021): Found 2 design units, including 2 entities, in source file double_seg7.sv
    Info (12023): Found entity 1: double_seg7 File: C:/Users/there/OneDrive - UW/CSE 369/lab7/double_seg7.sv Line: 1
    Info (12023): Found entity 2: double_seg7_testbench File: C:/Users/there/OneDrive - UW/CSE 369/lab7/double_seg7.sv Line: 14
Info (12021): Found 2 design units, including 2 entities, in source file upc_desc.sv
    Info (12023): Found entity 1: upc_desc File: C:/Users/there/OneDrive - UW/CSE 369/lab7/upc_desc.sv Line: 1
    Info (12023): Found entity 2: upc_desc_testbench File: C:/Users/there/OneDrive - UW/CSE 369/lab7/upc_desc.sv Line: 88
Info (12021): Found 2 design units, including 2 entities, in source file fred.sv
    Info (12023): Found entity 1: fred File: C:/Users/there/OneDrive - UW/CSE 369/lab7/fred.sv Line: 1
    Info (12023): Found entity 2: fred_testbench File: C:/Users/there/OneDrive - UW/CSE 369/lab7/fred.sv Line: 15
Info (12021): Found 1 design units, including 1 entities, in source file seatac.sv
    Info (12023): Found entity 1: seatac File: C:/Users/there/OneDrive - UW/CSE 369/lab7/seatac.sv Line: 1
Info (12021): Found 1 design units, including 1 entities, in source file seatac_testbench.sv
    Info (12023): Found entity 1: seatac_testbench File: C:/Users/there/OneDrive - UW/CSE 369/lab7/seatac_testbench.sv Line: 1
Info (12021): Found 1 design units, including 1 entities, in source file lab5.sv
    Info (12023): Found entity 1: lab5 File: C:/Users/there/OneDrive - UW/CSE 369/lab7/lab5.sv Line: 1
Info (12021): Found 1 design units, including 1 entities, in source file user_input.sv
    Info (12023): Found entity 1: user_input File: C:/Users/there/OneDrive - UW/CSE 369/lab7/user_input.sv Line: 1
Info (12021): Found 1 design units, including 1 entities, in source file user_input_testbench.sv
    Info (12023): Found entity 1: user_input_testbench File: C:/Users/there/OneDrive - UW/CSE 369/lab7/user_input_testbench.sv Line: 1
Info (12021): Found 1 design units, including 1 entities, in source file normal_light.sv
    Info (12023): Found entity 1: normal_light File: C:/Users/there/OneDrive - UW/CSE 369/lab7/normal_light.sv Line: 1
Info (12021): Found 1 design units, including 1 entities, in source file normal_light_testbench.sv
    Info (12023): Found entity 1: normal_light_testbench File: C:/Users/there/OneDrive - UW/CSE 369/lab7/normal_light_testbench.sv Line: 1
Info (12021): Found 1 design units, including 1 entities, in source file center_light.sv
    Info (12023): Found entity 1: center_light File: C:/Users/there/OneDrive - UW/CSE 369/lab7/center_light.sv Line: 1
Info (12021): Found 1 design units, including 1 entities, in source file center_light_testbench.sv
    Info (12023): Found entity 1: center_light_testbench File: C:/Users/there/OneDrive - UW/CSE 369/lab7/center_light_testbench.sv Line: 1
Info (12021): Found 1 design units, including 1 entities, in source file victory.sv
    Info (12023): Found entity 1: victory File: C:/Users/there/OneDrive - UW/CSE 369/lab7/victory.sv Line: 1
Info (12021): Found 1 design units, including 1 entities, in source file victory_testbench.sv
    Info (12023): Found entity 1: victory_testbench File: C:/Users/there/OneDrive - UW/CSE 369/lab7/victory_testbench.sv Line: 1
Info (12021): Found 1 design units, including 1 entities, in source file dff_3.sv
    Info (12023): Found entity 1: dff_3 File: C:/Users/there/OneDrive - UW/CSE 369/lab7/dff_3.sv Line: 1
Info (12021): Found 1 design units, including 1 entities, in source file tug_of_war.sv
    Info (12023): Found entity 1: tug_of_war File: C:/Users/there/OneDrive - UW/CSE 369/lab7/tug_of_war.sv Line: 1
Info (12021): Found 1 design units, including 1 entities, in source file tug_of_war_testbench.sv
    Info (12023): Found entity 1: tug_of_war_testbench File: C:/Users/there/OneDrive - UW/CSE 369/lab7/tug_of_war_testbench.sv Line: 1
Info (12021): Found 1 design units, including 1 entities, in source file full_adder.sv
    Info (12023): Found entity 1: full_adder File: C:/Users/there/OneDrive - UW/CSE 369/lab7/full_adder.sv Line: 1
Info (12021): Found 2 design units, including 2 entities, in source file adder10.sv
    Info (12023): Found entity 1: adder10 File: C:/Users/there/OneDrive - UW/CSE 369/lab7/adder10.sv Line: 1
    Info (12023): Found entity 2: adder10_testbench File: C:/Users/there/OneDrive - UW/CSE 369/lab7/adder10.sv Line: 23
Info (12021): Found 1 design units, including 1 entities, in source file counter.sv
    Info (12023): Found entity 1: counter File: C:/Users/there/OneDrive - UW/CSE 369/lab7/counter.sv Line: 1
Info (12021): Found 1 design units, including 1 entities, in source file counter_testbench.sv
    Info (12023): Found entity 1: counter_testbench File: C:/Users/there/OneDrive - UW/CSE 369/lab7/counter_testbench.sv Line: 1
Info (12021): Found 1 design units, including 1 entities, in source file player_scores.sv
    Info (12023): Found entity 1: player_scores File: C:/Users/there/OneDrive - UW/CSE 369/lab7/player_scores.sv Line: 1
Info (12021): Found 1 design units, including 1 entities, in source file player_scores_testbench.sv
    Info (12023): Found entity 1: player_scores_testbench File: C:/Users/there/OneDrive - UW/CSE 369/lab7/player_scores_testbench.sv Line: 1
Info (12021): Found 1 design units, including 1 entities, in source file lfsr_9_testbench.sv
    Info (12023): Found entity 1: lfsr_9_testbench File: C:/Users/there/OneDrive - UW/CSE 369/lab7/lfsr_9_testbench.sv Line: 1
Info (12021): Found 1 design units, including 1 entities, in source file lfsr_9.sv
    Info (12023): Found entity 1: lfsr_9 File: C:/Users/there/OneDrive - UW/CSE 369/lab7/lfsr_9.sv Line: 1
Info (12021): Found 1 design units, including 1 entities, in source file clock_divider.sv
    Info (12023): Found entity 1: clock_divider File: C:/Users/there/OneDrive - UW/CSE 369/lab7/clock_divider.sv Line: 2
Info (12021): Found 1 design units, including 1 entities, in source file tug_of_war_test.sv
    Info (12023): Found entity 1: tug_of_war_test File: C:/Users/there/OneDrive - UW/CSE 369/lab7/tug_of_war_test.sv Line: 1
Info (12127): Elaborating entity "clock_divider" for the top level hierarchy
Info (286030): Timing-Driven Synthesis is running
Info (144001): Generated suppressed messages file C:/Users/there/OneDrive - UW/CSE 369/lab7/output_files/DE1_SoC.map.smsg
Info (16010): Generating hard_block partition "hard_block:auto_generated_inst"
    Info (16011): Adding 0 node(s), including 0 DDIO, 0 PLL, 0 transceiver and 0 LCELL
Info (21057): Implemented 65 device resources after synthesis - the final resource count might be different
    Info (21058): Implemented 1 input pins
    Info (21059): Implemented 32 output pins
    Info (21061): Implemented 32 logic cells
Info: Quartus Prime Analysis & Synthesis was successful. 0 errors, 0 warnings
    Info: Peak virtual memory: 4873 megabytes
    Info: Processing ended: Mon May 16 11:41:33 2022
    Info: Elapsed time: 00:00:10
    Info: Total CPU time (on all processors): 00:00:23


+------------------------------------------+
; Analysis & Synthesis Suppressed Messages ;
+------------------------------------------+
The suppressed messages can be found in C:/Users/there/OneDrive - UW/CSE 369/lab7/output_files/DE1_SoC.map.smsg.


